<?xml version="1.0" encoding="UTF-8"?>
<!-- Generated by org.testng.reporters.JUnitReportReporter -->
<testsuite skipped="0" hostname="DESKTOP-ANM85HS" name="InvocationCount" tests="10" failures="0" timestamp="31 Jan 2020 09:54:44 GMT" time="0.022" errors="0">
  <testcase name="test" time="0.010" classname="InvocationCount"/>
  <testcase name="test" time="0.001" classname="InvocationCount"/>
  <testcase name="test" time="0.002" classname="InvocationCount"/>
  <testcase name="test" time="0.001" classname="InvocationCount"/>
  <testcase name="test" time="0.001" classname="InvocationCount"/>
  <testcase name="test" time="0.001" classname="InvocationCount"/>
  <testcase name="test" time="0.003" classname="InvocationCount"/>
  <testcase name="test" time="0.001" classname="InvocationCount"/>
  <testcase name="test" time="0.001" classname="InvocationCount"/>
  <testcase name="test" time="0.001" classname="InvocationCount"/>
</testsuite> <!-- InvocationCount -->
